<?xml version="1.0" encoding="utf-8" standalone="no"?>
<!--This file represents the results of running a test suite-->
<test-results name="C:\Automation\Selenium\Learning\Learning\Learning.csproj" total="1" errors="0" failures="0" not-run="0" inconclusive="0" ignored="0" skipped="0" invalid="0" date="2015-03-05" time="11:13:53">
  <environment nunit-version="2.6.4.14350" clr-version="2.0.50727.5485" os-version="Microsoft Windows NT 6.1.7601 Service Pack 1" platform="Win32NT" cwd="C:\Program Files (x86)\NUnit 2.6.4\bin" machine-name="NOI1-TEM980" user="ASingh7" user-domain="APAC" />
  <culture-info current-culture="en-US" current-uiculture="en-US" />
  <test-suite type="Project" name="C:\Automation\Selenium\Learning\Learning\Learning.csproj" executed="True" result="Success" success="True" time="58.054" asserts="0">
    <results>
      <test-suite type="Assembly" name="C:\Automation\Selenium\Learning\Learning\bin\Debug\Learning.dll" executed="True" result="Success" success="True" time="58.036" asserts="0">
        <results>
          <test-suite type="Namespace" name="Learning" executed="True" result="Success" success="True" time="58.036" asserts="0">
            <results>
              <test-suite type="TestFixture" name="Learning" executed="True" result="Success" success="True" time="58.033" asserts="0">
                <results>
                  <test-case name="Learning.Learning.TheLearningTest" executed="True" result="Success" success="True" time="58.019" asserts="1" />
                </results>
              </test-suite>
            </results>
          </test-suite>
        </results>
      </test-suite>
    </results>
  </test-suite>
</test-results>